<?xml version="1.0" encoding="UTF-8"?>
<!-- Generated by org.testng.reporters.JUnitReportReporter -->
<testsuite hostname="OracleSoft" failures="0" tests="2" name="Practice1.Dataprovider" time="12.207" errors="0" timestamp="2023-07-31T18:59:00 IST" skipped="0">
  <testcase classname="Practice1.Dataprovider" name="datapro" time="4.409"/>
  <system-out/>
  <testcase classname="Practice1.Dataprovider" name="datapro" time="7.798"/>
  <system-out/>
</testsuite> <!-- Practice1.Dataprovider -->
